<?xml version="1.0" encoding="UTF-8"?>
<coverage generated="1644642436803" clover="3.2.0">
  <project timestamp="1644642436803" name="All files">
    <metrics statements="49" coveredstatements="49" conditionals="8" coveredconditionals="8" methods="3" coveredmethods="3" elements="60" coveredelements="60" complexity="0" loc="49" ncloc="49" packages="1" files="1" classes="1"/>
    <file name="day1.ts" path="/home/mikey/aoc/2021/ts/day1/day1.ts">
      <metrics statements="49" coveredstatements="49" conditionals="8" coveredconditionals="8" methods="3" coveredmethods="3"/>
      <line num="1" count="1" type="stmt"/>
      <line num="2" count="1" type="stmt"/>
      <line num="3" count="1" type="cond" truecount="1" falsecount="0"/>
      <line num="4" count="2" type="stmt"/>
      <line num="5" count="2" type="stmt"/>
      <line num="6" count="2" type="stmt"/>
      <line num="7" count="2" type="stmt"/>
      <line num="8" count="1" type="cond" truecount="1" falsecount="0"/>
      <line num="9" count="1" type="stmt"/>
      <line num="10" count="1" type="cond" truecount="1" falsecount="0"/>
      <line num="11" count="1" type="stmt"/>
      <line num="12" count="1" type="stmt"/>
      <line num="13" count="1" type="stmt"/>
      <line num="14" count="1" type="stmt"/>
      <line num="15" count="1" type="cond" truecount="1" falsecount="0"/>
      <line num="16" count="1999" type="stmt"/>
      <line num="17" count="1999" type="stmt"/>
      <line num="18" count="1999" type="stmt"/>
      <line num="19" count="1999" type="stmt"/>
      <line num="20" count="1" type="stmt"/>
      <line num="21" count="1" type="stmt"/>
      <line num="22" count="1" type="stmt"/>
      <line num="23" count="1" type="stmt"/>
      <line num="24" count="1" type="stmt"/>
      <line num="25" count="1" type="stmt"/>
      <line num="26" count="1" type="stmt"/>
      <line num="27" count="1" type="cond" truecount="1" falsecount="0"/>
      <line num="28" count="1" type="stmt"/>
      <line num="29" count="1" type="stmt"/>
      <line num="30" count="1" type="stmt"/>
      <line num="31" count="1" type="stmt"/>
      <line num="32" count="1" type="stmt"/>
      <line num="33" count="1" type="stmt"/>
      <line num="34" count="1" type="stmt"/>
      <line num="35" count="1" type="cond" truecount="1" falsecount="0"/>
      <line num="36" count="1998" type="stmt"/>
      <line num="37" count="1998" type="stmt"/>
      <line num="38" count="1998" type="stmt"/>
      <line num="39" count="1998" type="cond" truecount="2" falsecount="0"/>
      <line num="40" count="1608" type="stmt"/>
      <line num="41" count="1608" type="stmt"/>
      <line num="42" count="1998" type="stmt"/>
      <line num="43" count="1998" type="stmt"/>
      <line num="44" count="1998" type="stmt"/>
      <line num="45" count="1" type="stmt"/>
      <line num="46" count="1" type="stmt"/>
      <line num="47" count="1" type="stmt"/>
      <line num="48" count="1" type="stmt"/>
      <line num="49" count="1" type="stmt"/>
    </file>
  </project>
</coverage>
