{"/home/mikey/aoc/2021/ts/day1/day1.ts": {"path":"/home/mikey/aoc/2021/ts/day1/day1.ts","all":false,"statementMap":{"0":{"start":{"line":1,"column":0},"end":{"line":1,"column":25}},"1":{"start":{"line":2,"column":0},"end":{"line":2,"column":0}},"2":{"start":{"line":3,"column":0},"end":{"line":3,"column":29}},"3":{"start":{"line":4,"column":0},"end":{"line":4,"column":4}},"4":{"start":{"line":5,"column":0},"end":{"line":5,"column":51}},"5":{"start":{"line":6,"column":0},"end":{"line":6,"column":16}},"6":{"start":{"line":7,"column":0},"end":{"line":7,"column":20}},"7":{"start":{"line":8,"column":0},"end":{"line":8,"column":37}},"8":{"start":{"line":9,"column":0},"end":{"line":9,"column":0}},"9":{"start":{"line":10,"column":0},"end":{"line":10,"column":56}},"10":{"start":{"line":11,"column":0},"end":{"line":11,"column":50}},"11":{"start":{"line":12,"column":0},"end":{"line":12,"column":0}},"12":{"start":{"line":13,"column":0},"end":{"line":13,"column":37}},"13":{"start":{"line":14,"column":0},"end":{"line":14,"column":0}},"14":{"start":{"line":15,"column":0},"end":{"line":15,"column":38}},"15":{"start":{"line":16,"column":0},"end":{"line":16,"column":26}},"16":{"start":{"line":17,"column":0},"end":{"line":17,"column":27}},"17":{"start":{"line":18,"column":0},"end":{"line":18,"column":5}},"18":{"start":{"line":19,"column":0},"end":{"line":19,"column":16}},"19":{"start":{"line":20,"column":0},"end":{"line":20,"column":5}},"20":{"start":{"line":21,"column":0},"end":{"line":21,"column":0}},"21":{"start":{"line":22,"column":0},"end":{"line":22,"column":38}},"22":{"start":{"line":23,"column":0},"end":{"line":23,"column":0}},"23":{"start":{"line":24,"column":0},"end":{"line":24,"column":28}},"24":{"start":{"line":25,"column":0},"end":{"line":25,"column":2}},"25":{"start":{"line":26,"column":0},"end":{"line":26,"column":0}},"26":{"start":{"line":27,"column":0},"end":{"line":27,"column":56}},"27":{"start":{"line":28,"column":0},"end":{"line":28,"column":50}},"28":{"start":{"line":29,"column":0},"end":{"line":29,"column":0}},"29":{"start":{"line":30,"column":0},"end":{"line":30,"column":37}},"30":{"start":{"line":31,"column":0},"end":{"line":31,"column":58}},"31":{"start":{"line":32,"column":0},"end":{"line":32,"column":36}},"32":{"start":{"line":33,"column":0},"end":{"line":33,"column":25}},"33":{"start":{"line":34,"column":0},"end":{"line":34,"column":0}},"34":{"start":{"line":35,"column":0},"end":{"line":35,"column":46}},"35":{"start":{"line":36,"column":0},"end":{"line":36,"column":29}},"36":{"start":{"line":37,"column":0},"end":{"line":37,"column":63}},"37":{"start":{"line":38,"column":0},"end":{"line":38,"column":0}},"38":{"start":{"line":39,"column":0},"end":{"line":39,"column":50}},"39":{"start":{"line":40,"column":0},"end":{"line":40,"column":27}},"40":{"start":{"line":41,"column":0},"end":{"line":41,"column":5}},"41":{"start":{"line":42,"column":0},"end":{"line":42,"column":0}},"42":{"start":{"line":43,"column":0},"end":{"line":43,"column":34}},"43":{"start":{"line":44,"column":0},"end":{"line":44,"column":3}},"44":{"start":{"line":45,"column":0},"end":{"line":45,"column":0}},"45":{"start":{"line":46,"column":0},"end":{"line":46,"column":38}},"46":{"start":{"line":47,"column":0},"end":{"line":47,"column":0}},"47":{"start":{"line":48,"column":0},"end":{"line":48,"column":28}},"48":{"start":{"line":49,"column":0},"end":{"line":49,"column":2}}},"s":{"0":1,"1":1,"2":1,"3":2,"4":2,"5":2,"6":2,"7":1,"8":1,"9":1,"10":1,"11":1,"12":1,"13":1,"14":1,"15":1999,"16":1999,"17":1999,"18":1999,"19":1,"20":1,"21":1,"22":1,"23":1,"24":1,"25":1,"26":1,"27":1,"28":1,"29":1,"30":1,"31":1,"32":1,"33":1,"34":1,"35":1998,"36":1998,"37":1998,"38":1998,"39":1608,"40":1608,"41":1998,"42":1998,"43":1998,"44":1,"45":1,"46":1,"47":1,"48":1},"branchMap":{"0":{"type":"branch","line":3,"loc":{"start":{"line":3,"column":24},"end":{"line":8,"column":36}},"locations":[{"start":{"line":3,"column":24},"end":{"line":8,"column":36}}]},"1":{"type":"branch","line":8,"loc":{"start":{"line":8,"column":9},"end":{"line":8,"column":35}},"locations":[{"start":{"line":8,"column":9},"end":{"line":8,"column":35}}]},"2":{"type":"branch","line":10,"loc":{"start":{"line":10,"column":41},"end":{"line":25,"column":2}},"locations":[{"start":{"line":10,"column":41},"end":{"line":25,"column":2}}]},"3":{"type":"branch","line":15,"loc":{"start":{"line":15,"column":21},"end":{"line":20,"column":3}},"locations":[{"start":{"line":15,"column":21},"end":{"line":20,"column":3}}]},"4":{"type":"branch","line":27,"loc":{"start":{"line":27,"column":41},"end":{"line":49,"column":2}},"locations":[{"start":{"line":27,"column":41},"end":{"line":49,"column":2}}]},"5":{"type":"branch","line":35,"loc":{"start":{"line":35,"column":45},"end":{"line":44,"column":3}},"locations":[{"start":{"line":35,"column":45},"end":{"line":44,"column":3}}]},"6":{"type":"branch","line":39,"loc":{"start":{"line":39,"column":14},"end":{"line":39,"column":47}},"locations":[{"start":{"line":39,"column":14},"end":{"line":39,"column":47}}]},"7":{"type":"branch","line":39,"loc":{"start":{"line":39,"column":49},"end":{"line":41,"column":5}},"locations":[{"start":{"line":39,"column":49},"end":{"line":41,"column":5}}]}},"b":{"0":[2],"1":[4000],"2":[1],"3":[1999],"4":[1],"5":[1998],"6":[1997],"7":[1608]},"fnMap":{"0":{"name":"readDepthInputs","decl":{"start":{"line":3,"column":24},"end":{"line":8,"column":36}},"loc":{"start":{"line":3,"column":24},"end":{"line":8,"column":36}},"line":3},"1":{"name":"calculateDepthIncreasePt1","decl":{"start":{"line":10,"column":41},"end":{"line":25,"column":2}},"loc":{"start":{"line":10,"column":41},"end":{"line":25,"column":2}},"line":10},"2":{"name":"calculateDepthIncreasePt2","decl":{"start":{"line":27,"column":41},"end":{"line":49,"column":2}},"loc":{"start":{"line":27,"column":41},"end":{"line":49,"column":2}},"line":27}},"f":{"0":2,"1":1,"2":1}}
}
