TN:
SF:day1/day1.ts
FN:3,readDepthInputs
FN:10,calculateDepthIncreasePt1
FN:27,calculateDepthIncreasePt2
FNF:3
FNH:3
FNDA:2,readDepthInputs
FNDA:1,calculateDepthIncreasePt1
FNDA:1,calculateDepthIncreasePt2
DA:1,1
DA:2,1
DA:3,1
DA:4,2
DA:5,2
DA:6,2
DA:7,2
DA:8,1
DA:9,1
DA:10,1
DA:11,1
DA:12,1
DA:13,1
DA:14,1
DA:15,1
DA:16,1999
DA:17,1999
DA:18,1999
DA:19,1999
DA:20,1
DA:21,1
DA:22,1
DA:23,1
DA:24,1
DA:25,1
DA:26,1
DA:27,1
DA:28,1
DA:29,1
DA:30,1
DA:31,1
DA:32,1
DA:33,1
DA:34,1
DA:35,1
DA:36,1998
DA:37,1998
DA:38,1998
DA:39,1998
DA:40,1608
DA:41,1608
DA:42,1998
DA:43,1998
DA:44,1998
DA:45,1
DA:46,1
DA:47,1
DA:48,1
DA:49,1
LF:49
LH:49
BRDA:3,0,0,2
BRDA:8,1,0,4000
BRDA:10,2,0,1
BRDA:15,3,0,1999
BRDA:27,4,0,1
BRDA:35,5,0,1998
BRDA:39,6,0,1997
BRDA:39,7,0,1608
BRF:8
BRH:8
end_of_record
